<?xml version="1.0" encoding="utf-8"?><testsuites><testsuite name="pytest" errors="0" failures="0" skipped="0" tests="3" time="91.560" timestamp="2024-05-28T08:08:28.881128" hostname="HimanSyS"><testcase classname="tests.functional_tests.test__generate_project" name="test__can_generate_project" time="14.777" /><testcase classname="tests.functional_tests.test__makefile" name="test__linting_passes" time="7.906" /><testcase classname="tests.functional_tests.test__makefile" name="test__tests_passes" time="68.616" /></testsuite></testsuites>